{
  "RSpec": {
    "coverage": {
      "/home/victor/EngSI/app/models/user.rb": {
        "lines": [
          1,
          null,
          1,
          null,
          1,
          null,
          null,
          null,
          1,
          null,
          null,
          null,
          null,
          null,
          null,
          null
        ]
      },
      "/home/victor/EngSI/app/models/application_record.rb": {
        "lines": [
          1,
          1,
          null
        ]
      },
      "/home/victor/EngSI/app/helpers/ambientes_helper.rb": {
        "lines": [
          1,
          null
        ]
      },
      "/home/victor/EngSI/app/helpers/application_helper.rb": {
        "lines": [
          1,
          null
        ]
      },
      "/home/victor/EngSI/app/helpers/lembretes_helper.rb": {
        "lines": [
          1,
          1,
          2,
          null,
          2,
          1,
          null,
          2,
          1,
          null,
          2,
          1,
          null,
          2,
          1,
          null,
          null,
          1,
          1,
          null,
          null
        ]
      },
      "/home/victor/EngSI/app/helpers/subitems_helper.rb": {
        "lines": [
          1,
          null
        ]
      },
      "/home/victor/EngSI/app/mailers/order_mailer.rb": {
        "lines": [
          1,
          1,
          0,
          null,
          0,
          null,
          null
        ]
      },
      "/home/victor/EngSI/app/mailers/application_mailer.rb": {
        "lines": [
          1,
          1,
          1,
          null
        ]
      },
      "/home/victor/EngSI/app/models/ambiente.rb": {
        "lines": [
          1,
          null,
          1,
          null,
          1,
          null,
          1,
          null
        ]
      },
      "/home/victor/EngSI/app/models/lembrete.rb": {
        "lines": [
          1,
          null,
          1,
          1,
          null,
          1,
          1,
          null
        ]
      },
      "/home/victor/EngSI/app/models/subitem.rb": {
        "lines": [
          1,
          null,
          1,
          null,
          1,
          1,
          null
        ]
      },
      "/home/victor/EngSI/app/channels/application_cable/channel.rb": {
        "lines": [
          0,
          0,
          0,
          0
        ],
        "branches": {
        }
      },
      "/home/victor/EngSI/app/channels/application_cable/connection.rb": {
        "lines": [
          0,
          0,
          0,
          0
        ],
        "branches": {
        }
      },
      "/home/victor/EngSI/app/controllers/ambientes_controller.rb": {
        "lines": [
          0,
          0,
          0,
          null,
          null,
          0,
          0,
          0,
          null,
          null,
          0,
          0,
          null,
          null,
          0,
          0,
          0,
          null,
          null,
          0,
          0,
          null,
          null,
          0,
          0,
          null,
          0,
          0,
          0,
          0,
          0,
          0,
          0,
          0,
          0,
          0,
          null,
          null,
          0,
          0,
          0,
          0,
          0,
          0,
          0,
          0,
          0,
          0,
          0,
          null,
          null,
          0,
          0,
          null,
          0,
          0,
          0,
          0,
          0,
          null,
          0,
          null,
          0,
          0,
          0,
          null,
          null,
          0,
          0,
          0,
          null,
          0,
          0,
          0,
          0,
          0
        ],
        "branches": {
        }
      },
      "/home/victor/EngSI/app/controllers/application_controller.rb": {
        "lines": [
          0,
          null,
          0
        ],
        "branches": {
        }
      },
      "/home/victor/EngSI/app/controllers/home_controller.rb": {
        "lines": [
          0,
          0,
          0,
          0,
          0
        ],
        "branches": {
        }
      },
      "/home/victor/EngSI/app/controllers/lembretes_controller.rb": {
        "lines": [
          0,
          0,
          0,
          null,
          null,
          0,
          null,
          null,
          null,
          null,
          null,
          null,
          null,
          null,
          null,
          null,
          0,
          0,
          0,
          0,
          0,
          0,
          0,
          0,
          null,
          null,
          0,
          0,
          null,
          null,
          0,
          0,
          0,
          null,
          null,
          0,
          0,
          null,
          null,
          0,
          0,
          null,
          0,
          0,
          null,
          0,
          0,
          0,
          0,
          0,
          0,
          0,
          0,
          0,
          0,
          0,
          null,
          null,
          0,
          0,
          0,
          0,
          0,
          0,
          0,
          0,
          0,
          0,
          0,
          null,
          null,
          0,
          0,
          null,
          0,
          0,
          0,
          0,
          0,
          null,
          0,
          null,
          0,
          0,
          0,
          null,
          null,
          0,
          0,
          0,
          null,
          0,
          0,
          0,
          0,
          null,
          0
        ],
        "branches": {
        }
      },
      "/home/victor/EngSI/app/controllers/subitems_controller.rb": {
        "lines": [
          0,
          0,
          0,
          0,
          null,
          0,
          0,
          0,
          null,
          0,
          0,
          0,
          null,
          0,
          0,
          0,
          null,
          0,
          null,
          0,
          null,
          0,
          0,
          null,
          0,
          0,
          0,
          0,
          0,
          0,
          0,
          0,
          0,
          0,
          null,
          0,
          0,
          0,
          0,
          0,
          0,
          0,
          0,
          0,
          0,
          0,
          null,
          0,
          0,
          null,
          0,
          0,
          0,
          0,
          0,
          null,
          0,
          null,
          0,
          null,
          0,
          0,
          0,
          0,
          null,
          0,
          0,
          0,
          0,
          null,
          0,
          0,
          0,
          0,
          null,
          0,
          0,
          0,
          0,
          0
        ],
        "branches": {
        }
      },
      "/home/victor/EngSI/app/jobs/application_job.rb": {
        "lines": [
          0,
          null,
          null,
          null,
          null,
          null,
          0
        ],
        "branches": {
        }
      }
    },
    "timestamp": 1670378346
  },
  "Cucumber Features": {
    "coverage": {
      "/home/victor/App-EngenhariaSI/app/models/user.rb": {
        "lines": [
          1,
          null,
          1,
          null,
          1,
          null,
          null,
          null,
          1,
          null,
          null,
          null,
          null,
          null,
          null,
          null
        ]
      },
      "/home/victor/App-EngenhariaSI/app/models/application_record.rb": {
        "lines": [
          1,
          1,
          null
        ]
      },
      "/home/victor/App-EngenhariaSI/app/helpers/ambientes_helper.rb": {
        "lines": [
          1,
          null
        ]
      },
      "/home/victor/App-EngenhariaSI/app/helpers/application_helper.rb": {
        "lines": [
          1,
          null
        ]
      },
      "/home/victor/App-EngenhariaSI/app/helpers/lembretes_helper.rb": {
        "lines": [
          1,
          1,
          0,
          null,
          0,
          0,
          null,
          0,
          0,
          null,
          0,
          0,
          null,
          0,
          0,
          null,
          null,
          0,
          0,
          null,
          null
        ]
      },
      "/home/victor/App-EngenhariaSI/app/helpers/subitems_helper.rb": {
        "lines": [
          1,
          null
        ]
      },
      "/home/victor/App-EngenhariaSI/app/controllers/home_controller.rb": {
        "lines": [
          1,
          1,
          1,
          null,
          null
        ]
      },
      "/home/victor/App-EngenhariaSI/app/controllers/application_controller.rb": {
        "lines": [
          1,
          null,
          null
        ]
      },
      "/home/victor/App-EngenhariaSI/app/models/ambiente.rb": {
        "lines": [
          1,
          null,
          1,
          null,
          1,
          null,
          1,
          null
        ]
      },
      "/home/victor/App-EngenhariaSI/app/models/lembrete.rb": {
        "lines": [
          1,
          null,
          1,
          1,
          null,
          1,
          1,
          null
        ]
      },
      "/home/victor/App-EngenhariaSI/app/controllers/ambientes_controller.rb": {
        "lines": [
          1,
          1,
          1,
          null,
          null,
          1,
          9,
          null,
          null,
          null,
          1,
          null,
          null,
          null,
          1,
          0,
          null,
          null,
          null,
          1,
          null,
          null,
          null,
          1,
          0,
          null,
          0,
          0,
          0,
          0,
          null,
          0,
          0,
          null,
          null,
          null,
          null,
          null,
          1,
          0,
          0,
          0,
          0,
          null,
          0,
          0,
          null,
          null,
          null,
          null,
          null,
          1,
          0,
          null,
          0,
          0,
          0,
          null,
          null,
          null,
          1,
          null,
          1,
          0,
          null,
          null,
          null,
          1,
          0,
          null,
          null,
          1,
          1,
          9,
          null,
          null
        ]
      },
      "/home/victor/App-EngenhariaSI/app/controllers/lembretes_controller.rb": {
        "lines": [
          1,
          1,
          1,
          null,
          null,
          1,
          null,
          null,
          null,
          null,
          null,
          null,
          null,
          null,
          null,
          null,
          9,
          0,
          null,
          9,
          0,
          null,
          9,
          null,
          null,
          null,
          1,
          null,
          null,
          null,
          1,
          0,
          null,
          null,
          null,
          1,
          null,
          null,
          null,
          1,
          0,
          null,
          0,
          0,
          null,
          0,
          0,
          0,
          null,
          0,
          0,
          null,
          0,
          0,
          null,
          null,
          null,
          null,
          null,
          1,
          0,
          0,
          0,
          0,
          0,
          null,
          0,
          0,
          null,
          null,
          null,
          null,
          null,
          1,
          0,
          null,
          0,
          0,
          0,
          null,
          null,
          null,
          1,
          null,
          1,
          0,
          null,
          null,
          null,
          1,
          0,
          null,
          null,
          1,
          1,
          9,
          null,
          null,
          null
        ]
      },
      "/home/victor/App-EngenhariaSI/app/controllers/subitems_controller.rb": {
        "lines": [
          1,
          1,
          1,
          1,
          null,
          1,
          12,
          null,
          null,
          1,
          4,
          null,
          null,
          1,
          null,
          null,
          1,
          null,
          null,
          null,
          1,
          4,
          null,
          4,
          4,
          2,
          1,
          null,
          6,
          3,
          null,
          null,
          null,
          null,
          1,
          4,
          4,
          2,
          1,
          null,
          6,
          3,
          null,
          null,
          null,
          null,
          1,
          1,
          null,
          1,
          2,
          1,
          null,
          null,
          null,
          1,
          null,
          null,
          null,
          1,
          1,
          8,
          null,
          null,
          1,
          1,
          30,
          null,
          null,
          1,
          1,
          30,
          null,
          null,
          1,
          1,
          10,
          null,
          null
        ]
      },
      "/home/victor/App-EngenhariaSI/app/models/subitem.rb": {
        "lines": [
          1,
          null,
          1,
          null,
          1,
          1,
          null
        ]
      },
      "/home/victor/App-EngenhariaSI/app/channels/application_cable/channel.rb": {
        "lines": [
          0,
          0,
          0,
          0
        ],
        "branches": {
        }
      },
      "/home/victor/App-EngenhariaSI/app/channels/application_cable/connection.rb": {
        "lines": [
          0,
          0,
          0,
          0
        ],
        "branches": {
        }
      },
      "/home/victor/App-EngenhariaSI/app/jobs/application_job.rb": {
        "lines": [
          0,
          null,
          null,
          null,
          null,
          null,
          0
        ],
        "branches": {
        }
      },
      "/home/victor/App-EngenhariaSI/app/mailers/application_mailer.rb": {
        "lines": [
          0,
          0,
          0,
          0
        ],
        "branches": {
        }
      },
      "/home/victor/App-EngenhariaSI/app/mailers/order_mailer.rb": {
        "lines": [
          0,
          0,
          0,
          null,
          0,
          0,
          null,
          0,
          0,
          null,
          0,
          0,
          0
        ],
        "branches": {
        }
      }
    },
    "timestamp": 1670429130
  }
}
