SF:./app/channels/application_cable/channel.rb
DA:1,0
DA:2,0
DA:3,0
DA:4,0
end_of_record
SF:./app/channels/application_cable/connection.rb
DA:1,0
DA:2,0
DA:3,0
DA:4,0
end_of_record
SF:./app/controllers/ambientes_controller.rb
DA:1,0
DA:2,0
DA:3,0
DA:6,0
DA:7,0
DA:8,0
DA:11,0
DA:12,0
DA:15,0
DA:16,0
DA:17,0
DA:20,0
DA:21,0
DA:24,0
DA:25,0
DA:27,0
DA:28,0
DA:29,0
DA:30,0
DA:31,0
DA:32,0
DA:33,0
DA:34,0
DA:35,0
DA:36,0
DA:39,0
DA:40,0
DA:41,0
DA:42,0
DA:43,0
DA:44,0
DA:45,0
DA:46,0
DA:47,0
DA:48,0
DA:49,0
DA:52,0
DA:53,0
DA:55,0
DA:56,0
DA:57,0
DA:58,0
DA:59,0
DA:61,0
DA:63,0
DA:64,0
DA:65,0
DA:68,0
DA:69,0
DA:70,0
DA:72,0
DA:73,0
DA:74,0
DA:75,0
DA:76,0
end_of_record
SF:./app/controllers/application_controller.rb
DA:1,0
DA:3,0
end_of_record
SF:./app/controllers/home_controller.rb
DA:1,0
DA:2,0
DA:3,0
DA:4,0
DA:5,0
end_of_record
SF:./app/controllers/lembretes_controller.rb
DA:1,0
DA:2,0
DA:3,0
DA:6,0
DA:17,0
DA:18,0
DA:19,0
DA:20,0
DA:21,0
DA:22,0
DA:23,0
DA:24,0
DA:27,0
DA:28,0
DA:31,0
DA:32,0
DA:33,0
DA:36,0
DA:37,0
DA:40,0
DA:41,0
DA:43,0
DA:44,0
DA:46,0
DA:47,0
DA:48,0
DA:49,0
DA:50,0
DA:51,0
DA:52,0
DA:53,0
DA:54,0
DA:55,0
DA:56,0
DA:57,0
DA:60,0
DA:61,0
DA:62,0
DA:63,0
DA:64,0
DA:65,0
DA:66,0
DA:67,0
DA:68,0
DA:69,0
DA:70,0
DA:71,0
DA:74,0
DA:75,0
DA:77,0
DA:78,0
DA:79,0
DA:80,0
DA:81,0
DA:83,0
DA:85,0
DA:86,0
DA:87,0
DA:90,0
DA:91,0
DA:92,0
DA:94,0
DA:95,0
DA:96,0
DA:97,0
DA:99,0
end_of_record
SF:./app/controllers/subitems_controller.rb
DA:1,0
DA:2,0
DA:3,0
DA:4,0
DA:6,0
DA:7,0
DA:8,0
DA:10,0
DA:11,0
DA:12,0
DA:14,0
DA:15,0
DA:17,0
DA:19,0
DA:21,0
DA:22,0
DA:24,0
DA:25,0
DA:26,0
DA:27,0
DA:28,0
DA:29,0
DA:30,0
DA:31,0
DA:32,0
DA:33,0
DA:35,0
DA:36,0
DA:37,0
DA:38,0
DA:39,0
DA:40,0
DA:41,0
DA:42,0
DA:43,0
DA:44,0
DA:45,0
DA:47,0
DA:48,0
DA:50,0
DA:51,0
DA:52,0
DA:53,0
DA:54,0
DA:56,0
DA:58,0
DA:60,0
DA:61,0
DA:62,0
DA:63,0
DA:65,0
DA:66,0
DA:67,0
DA:68,0
DA:70,0
DA:71,0
DA:72,0
DA:73,0
DA:75,0
DA:76,0
DA:77,0
DA:78,0
DA:79,0
end_of_record
SF:./app/helpers/ambientes_helper.rb
DA:1,1
end_of_record
SF:./app/helpers/application_helper.rb
DA:1,1
end_of_record
SF:./app/helpers/lembretes_helper.rb
DA:1,1
DA:2,1
DA:3,0
DA:5,0
DA:6,0
DA:8,0
DA:9,0
DA:11,0
DA:12,0
DA:14,0
DA:15,0
DA:18,0
DA:19,0
end_of_record
SF:./app/helpers/subitems_helper.rb
DA:1,1
end_of_record
SF:./app/jobs/application_job.rb
DA:1,0
DA:7,0
end_of_record
SF:./app/mailers/application_mailer.rb
DA:1,1
DA:2,1
DA:3,1
end_of_record
SF:./app/mailers/order_mailer.rb
DA:1,1
DA:2,1
DA:3,0
DA:5,0
DA:8,1
DA:9,0
DA:11,0
end_of_record
SF:./app/models/ambiente.rb
DA:1,1
DA:3,1
DA:5,1
DA:7,1
end_of_record
SF:./app/models/application_record.rb
DA:1,1
DA:2,1
end_of_record
SF:./app/models/lembrete.rb
DA:1,1
DA:3,1
DA:4,1
DA:6,1
DA:7,1
end_of_record
SF:./app/models/subitem.rb
DA:1,0
DA:3,0
DA:5,0
DA:6,0
DA:7,0
end_of_record
SF:./app/models/user.rb
DA:1,1
DA:3,1
DA:5,1
DA:9,1
end_of_record
