SF:./app/channels/application_cable/channel.rb
DA:1,0
DA:2,0
DA:3,0
DA:4,0
end_of_record
SF:./app/channels/application_cable/connection.rb
DA:1,0
DA:2,0
DA:3,0
DA:4,0
end_of_record
SF:./app/controllers/ambientes_controller.rb
DA:1,1
DA:2,1
DA:4,1
DA:5,6
DA:8,1
DA:9,10
DA:12,1
DA:17,1
DA:18,2
DA:20,2
DA:21,2
DA:22,2
DA:23,1
DA:27,2
DA:28,1
DA:33,1
DA:34,1
DA:35,1
DA:36,1
DA:37,1
DA:38,2
DA:39,1
DA:44,1
DA:45,0
DA:46,0
DA:47,0
DA:48,0
DA:50,0
DA:51,0
DA:58,1
DA:60,10
DA:63,1
DA:65,1
DA:66,11
DA:68,1
DA:69,2
end_of_record
SF:./app/controllers/application_controller.rb
DA:1,1
end_of_record
SF:./app/controllers/home_controller.rb
DA:1,1
DA:2,1
DA:3,1
end_of_record
SF:./app/controllers/lembretes_controller.rb
DA:1,1
DA:2,1
DA:3,1
DA:6,1
DA:7,12
DA:11,1
DA:15,1
DA:16,7
DA:20,1
DA:24,1
DA:25,7
DA:27,7
DA:28,7
DA:30,4
DA:31,1
DA:33,8
DA:34,4
DA:36,6
DA:37,3
DA:43,1
DA:44,1
DA:45,1
DA:46,2
DA:47,1
DA:49,0
DA:50,0
DA:56,1
DA:57,1
DA:59,1
DA:60,2
DA:61,1
DA:65,1
DA:67,1
DA:68,4
DA:72,1
DA:73,8
DA:76,1
DA:77,1
DA:78,30
end_of_record
SF:./app/controllers/subitems_controller.rb
DA:1,1
DA:2,1
DA:3,1
DA:4,1
DA:6,1
DA:7,3
DA:10,1
DA:11,4
DA:14,1
DA:15,0
DA:18,1
DA:22,1
DA:23,4
DA:25,4
DA:26,4
DA:27,2
DA:28,1
DA:30,6
DA:31,3
DA:36,1
DA:37,4
DA:38,4
DA:39,2
DA:40,1
DA:42,6
DA:43,3
DA:48,1
DA:49,1
DA:51,1
DA:52,2
DA:53,1
DA:57,1
DA:61,1
DA:62,1
DA:63,8
DA:66,1
DA:67,1
DA:68,21
DA:71,1
DA:72,1
DA:73,21
DA:76,1
DA:77,1
DA:78,10
end_of_record
SF:./app/helpers/ambientes_helper.rb
DA:1,1
end_of_record
SF:./app/helpers/application_helper.rb
DA:1,1
end_of_record
SF:./app/helpers/lembretes_helper.rb
DA:1,1
end_of_record
SF:./app/helpers/subitems_helper.rb
DA:1,1
end_of_record
SF:./app/jobs/application_job.rb
DA:1,0
DA:7,0
end_of_record
SF:./app/mailers/application_mailer.rb
DA:1,1
DA:2,1
DA:3,1
end_of_record
SF:./app/mailers/order_mailer.rb
DA:1,1
DA:2,1
DA:3,1
DA:5,1
end_of_record
SF:./app/models/ambiente.rb
DA:1,1
DA:3,1
DA:5,1
end_of_record
SF:./app/models/application_record.rb
DA:1,1
DA:2,1
end_of_record
SF:./app/models/lembrete.rb
DA:1,1
DA:2,1
DA:4,1
DA:5,1
end_of_record
SF:./app/models/subitems.rb
DA:1,1
DA:3,1
DA:4,1
end_of_record
SF:./app/models/user.rb
DA:1,1
DA:3,1
DA:5,1
DA:9,1
end_of_record
